<?xml version="1.0" encoding="UTF-8"?>
<!-- Generated by org.testng.reporters.JUnitReportReporter -->
<testsuite hostname="LAPTOP-H7QU7V1R" failures="0" tests="5" name="testcases.LoginTest" time="47.750" errors="0" timestamp="2023-04-06T09:30:57 IST" skipped="0">
  <testcase classname="testcases.LoginTest" name="verifyInvalidUser" time="7.288"/>
  <system-out/>
  <testcase classname="testcases.LoginTest" name="verifyvalidUser" time="8.567"/>
  <system-out/>
  <testcase classname="testcases.LoginTest" name="verifyInvalidUser" time="6.924"/>
  <system-out/>
  <testcase classname="testcases.LoginTest" name="verifyInvalidUser" time="7.116"/>
  <system-out/>
  <testcase classname="testcases.LoginTest" name="verifyInvalidUser" time="17.855"/>
  <system-out/>
</testsuite> <!-- testcases.LoginTest -->
