<?xml version="1.0" encoding="UTF-8"?>
<!-- Generated by org.testng.reporters.JUnitReportReporter -->
<testsuite hostname="LAPTOP-H7QU7V1R" failures="0" tests="1" name="testcases.VerifyHomeButton" time="67.315" errors="0" timestamp="2023-04-01T22:55:20 IST" skipped="0">
  <testcase classname="testcases.VerifyHomeButton" name="VerifyHomeButtton" time="67.315"/>
  <system-out/>
</testsuite> <!-- testcases.VerifyHomeButton -->
