<?xml version="1.0" encoding="UTF-8"?>
<!-- Generated by org.testng.reporters.JUnitReportReporter -->
<testsuite hostname="LAPTOP-H7QU7V1R" failures="0" tests="1" name="testcases.verifypagetittle" time="24.439" errors="0" timestamp="2023-04-01T22:08:25 IST" skipped="0">
  <testcase classname="testcases.verifypagetittle" name="verifyvalidUser" time="24.439"/>
  <system-out/>
</testsuite> <!-- testcases.verifypagetittle -->
