<?xml version="1.0" encoding="UTF-8"?>
<!-- Generated by org.testng.reporters.JUnitReportReporter -->
<testsuite hostname="LAPTOP-H7QU7V1R" failures="0" tests="3" name="testcases.VerifyHomeButtonTest" time="101.666" errors="0" timestamp="2023-04-06T09:30:57 IST" skipped="0">
  <testcase classname="testcases.VerifyHomeButtonTest" name="test2" time="33.229"/>
  <system-out/>
  <testcase classname="testcases.VerifyHomeButtonTest" name="test3" time="33.701"/>
  <system-out/>
  <testcase classname="testcases.VerifyHomeButtonTest" name="test1" time="34.736"/>
  <system-out/>
</testsuite> <!-- testcases.VerifyHomeButtonTest -->
