<?xml version="1.0" encoding="UTF-8"?>
<!-- Generated by org.testng.reporters.JUnitReportReporter -->
<testsuite hostname="LAPTOP-H7QU7V1R" failures="0" tests="1" name="testcases.AddCustomerPageTest" time="26.352" errors="0" timestamp="2023-04-06T09:30:57 IST" skipped="0">
  <testcase classname="testcases.AddCustomerPageTest" name="addNewCustomer" time="26.352"/>
  <system-out/>
</testsuite> <!-- testcases.AddCustomerPageTest -->
