<?xml version="1.0" encoding="UTF-8"?>
<!-- Generated by org.testng.reporters.JUnitReportReporter -->
<testsuite hostname="LAPTOP-H7QU7V1R" failures="0" tests="2" name="testcases.VerifyPageTittleTest" time="22.944" errors="0" timestamp="2023-04-06T09:30:57 IST" skipped="0">
  <testcase classname="testcases.VerifyPageTittleTest" name="verifyvalidUser" time="11.085"/>
  <system-out/>
  <testcase classname="testcases.VerifyPageTittleTest" name="verifyanothervalidUser" time="11.859"/>
  <system-out/>
</testsuite> <!-- testcases.VerifyPageTittleTest -->
